<?xml version="1.0" encoding="UTF-8"?>
<!-- Generated by org.testng.reporters.JUnitReportReporter -->
<testsuite hostname="DESKTOP-5D7H31A" failures="0" tests="4" name="com.hybrid.TestClass.TC_LoginTestCases" time="46.030" errors="0" timestamp="2022-09-25T17:41:13 IST" skipped="0">
  <testcase classname="com.hybrid.TestClass.TC_LoginTestCases" name="SetupStart" time="5.298"/>
  <system-out/>
  <testcase classname="com.hybrid.TestClass.TC_LoginTestCases" name="ClickonLoginBtn1" time="0.172"/>
  <system-out/>
  <testcase classname="com.hybrid.TestClass.TC_LoginTestCases" name="EnterCread1" time="29.644"/>
  <system-out/>
  <testcase classname="com.hybrid.TestClass.TC_LoginTestCases" name="ClickOnLogOut1" time="10.916"/>
  <system-out/>
</testsuite> <!-- com.hybrid.TestClass.TC_LoginTestCases -->
